c:\users\julie\desktop\sdl_plaid\sdl_project_1.0.0\sdl_project_1.0.0\sdl_project\debug\vc141.pdb
c:\users\julie\desktop\programtxt\sdl_plaid\sdl_plaid\sdl_project_1.0.0\sdl_project_1.0.0\sdl_project\debug\vc141.pdb
c:\users\julie\desktop\programtxt\sdl_plaid\sdl_plaid\sdl_project_1.0.0\sdl_project_1.0.0\sdl_project\debug\vc141.idb
c:\users\julie\desktop\programtxt\sdl_plaid\sdl_plaid\sdl_project_1.0.0\sdl_project_1.0.0\sdl_project\debug\window.obj
c:\users\julie\desktop\programtxt\sdl_plaid\sdl_plaid\sdl_project_1.0.0\sdl_project_1.0.0\sdl_project\debug\vmath.obj
c:\users\julie\desktop\programtxt\sdl_plaid\sdl_plaid\sdl_project_1.0.0\sdl_project_1.0.0\sdl_project\debug\timer.obj
c:\users\julie\desktop\programtxt\sdl_plaid\sdl_plaid\sdl_project_1.0.0\sdl_project_1.0.0\sdl_project\debug\mmath.obj
c:\users\julie\desktop\programtxt\sdl_plaid\sdl_plaid\sdl_project_1.0.0\sdl_project_1.0.0\sdl_project\debug\main.obj
c:\users\julie\desktop\programtxt\sdl_plaid\sdl_plaid\sdl_project_1.0.0\sdl_project_1.0.0\sdl_project\debug\loadobjects.obj
c:\users\julie\desktop\programtxt\sdl_plaid\sdl_plaid\sdl_project_1.0.0\sdl_project_1.0.0\sdl_project\debug\items.obj
c:\users\julie\desktop\programtxt\sdl_plaid\sdl_plaid\sdl_project_1.0.0\sdl_project_1.0.0\sdl_project\debug\gamemanager.obj
c:\users\julie\desktop\programtxt\sdl_plaid\sdl_plaid\sdl_project_1.0.0\sdl_project_1.0.0\sdl_project\debug\enemy.obj
c:\users\julie\desktop\programtxt\sdl_plaid\sdl_plaid\sdl_project_1.0.0\sdl_project_1.0.0\sdl_project\debug\dynamicscene.obj
c:\users\julie\desktop\programtxt\sdl_plaid\sdl_plaid\sdl_project_1.0.0\sdl_project_1.0.0\sdl_project\debug\character.obj
c:\users\julie\desktop\programtxt\sdl_plaid\sdl_plaid\sdl_project_1.0.0\sdl_project_1.0.0\sdl_project\debug\body.obj
c:\users\julie\desktop\reworkplais\plaid works\sdl_project_1.0.0\sdl_project\debug\vc141.pdb
c:\users\julie\desktop\reworkplais\plaid works\sdl_project_1.0.0\sdl_project\debug\vc141.idb
c:\users\julie\desktop\reworkplais\plaid works\sdl_project_1.0.0\sdl_project\debug\window.obj
c:\users\julie\desktop\reworkplais\plaid works\sdl_project_1.0.0\sdl_project\debug\vmath.obj
c:\users\julie\desktop\reworkplais\plaid works\sdl_project_1.0.0\sdl_project\debug\timer.obj
c:\users\julie\desktop\reworkplais\plaid works\sdl_project_1.0.0\sdl_project\debug\mmath.obj
c:\users\julie\desktop\reworkplais\plaid works\sdl_project_1.0.0\sdl_project\debug\main.obj
c:\users\julie\desktop\reworkplais\plaid works\sdl_project_1.0.0\sdl_project\debug\loadobjects.obj
c:\users\julie\desktop\reworkplais\plaid works\sdl_project_1.0.0\sdl_project\debug\items.obj
c:\users\julie\desktop\reworkplais\plaid works\sdl_project_1.0.0\sdl_project\debug\gamemanager.obj
c:\users\julie\desktop\reworkplais\plaid works\sdl_project_1.0.0\sdl_project\debug\enemy.obj
c:\users\julie\desktop\reworkplais\plaid works\sdl_project_1.0.0\sdl_project\debug\dynamicscene.obj
c:\users\julie\desktop\reworkplais\plaid works\sdl_project_1.0.0\sdl_project\debug\character.obj
c:\users\julie\desktop\reworkplais\plaid works\sdl_project_1.0.0\sdl_project\debug\body.obj
c:\users\julie\desktop\reworkplais\plaid works\sdl_project_1.0.0\sdl_project\debug\mainchar.obj
c:\users\julie\desktop\sdl_plaid\sdl_project_1.0.0\sdl_project_1.0.0\debug\sdl_project.exe
c:\users\julie\desktop\sdl_plaid\sdl_project_1.0.0\sdl_project_1.0.0\debug\sdl_project.ilk
c:\users\julie\desktop\sdl_plaid\sdl_project_1.0.0\sdl_project_1.0.0\debug\sdl_project.pdb
c:\users\julie\desktop\programtxt\sdl_plaid\sdl_plaid\sdl_project_1.0.0\sdl_project_1.0.0\debug\sdl_project.exe
c:\users\julie\desktop\programtxt\sdl_plaid\sdl_plaid\sdl_project_1.0.0\sdl_project_1.0.0\debug\sdl_project.ilk
c:\users\julie\desktop\programtxt\sdl_plaid\sdl_plaid\sdl_project_1.0.0\sdl_project_1.0.0\debug\sdl_project.pdb
c:\users\julie\desktop\reworkplais\plaid works\sdl_project_1.0.0\debug\sdl_project.ilk
c:\users\julie\desktop\reworkplais\plaid works\sdl_project_1.0.0\debug\sdl_project.exe
c:\users\julie\desktop\reworkplais\plaid works\sdl_project_1.0.0\debug\sdl_project.pdb
c:\users\julie\desktop\reworkplais\plaid works\sdl_project_1.0.0\sdl_project\debug\loadobjects.obj.enc
c:\users\julie\desktop\reworkplais\plaid works\sdl_project_1.0.0\sdl_project\debug\sdl_project.tlog\cl.command.1.tlog
c:\users\julie\desktop\reworkplais\plaid works\sdl_project_1.0.0\sdl_project\debug\sdl_project.tlog\cl.read.1.tlog
c:\users\julie\desktop\reworkplais\plaid works\sdl_project_1.0.0\sdl_project\debug\sdl_project.tlog\cl.write.1.tlog
c:\users\julie\desktop\reworkplais\plaid works\sdl_project_1.0.0\sdl_project\debug\sdl_project.tlog\link.command.1.tlog
c:\users\julie\desktop\reworkplais\plaid works\sdl_project_1.0.0\sdl_project\debug\sdl_project.tlog\link.read.1.tlog
c:\users\julie\desktop\reworkplais\plaid works\sdl_project_1.0.0\sdl_project\debug\sdl_project.tlog\link.write.1.tlog
